<?xml version="1.0" encoding="UTF-8"?>
<testng-results ignored="0" total="1" passed="1" failed="0" skipped="0">
  <reporter-output>
  </reporter-output>
  <suite started-at="2024-01-05T13:52:30 IST" name="Default suite" finished-at="2024-01-05T13:52:51 IST" duration-ms="20815">
    <groups>
    </groups>
    <test started-at="2024-01-05T13:52:30 IST" name="Default test" finished-at="2024-01-05T13:52:51 IST" duration-ms="20815">
      <class name="com.orangehrm_runner.Run1">
        <test-method is-config="true" signature="openApp()[pri:0, instance:com.orangehrm_runner.Run1@383bfa16]" started-at="2024-01-05T13:52:30 IST" name="openApp" finished-at="2024-01-05T13:52:50 IST" duration-ms="19705" status="PASS">
          <reporter-output>
          </reporter-output>
        </test-method> <!-- openApp -->
        <test-method signature="login()[pri:0, instance:com.orangehrm_runner.Run1@383bfa16]" started-at="2024-01-05T13:52:50 IST" name="login" finished-at="2024-01-05T13:52:51 IST" duration-ms="656" status="PASS">
          <reporter-output>
          </reporter-output>
        </test-method> <!-- login -->
        <test-method is-config="true" signature="close()[pri:0, instance:com.orangehrm_runner.Run1@383bfa16]" started-at="2024-01-05T13:52:51 IST" name="close" finished-at="2024-01-05T13:52:51 IST" duration-ms="381" status="PASS">
          <reporter-output>
          </reporter-output>
        </test-method> <!-- close -->
      </class> <!-- com.orangehrm_runner.Run1 -->
    </test> <!-- Default test -->
  </suite> <!-- Default suite -->
</testng-results>
